[2019-01-17 21:37:01] request.INFO: Matched route "admin_module_manage_action". {"route_parameters":{"_controller":"PrestaShopBundle\\Controller\\Admin\\ModuleController::moduleAction","action":"upgrade","module_name":"ps_mainmenu","_route":"admin_module_manage_action"},"request_uri":"http://localhost/admin723ek0usy/index.php/module/manage/action/upgrade/ps_mainmenu?_token=N4S-HAgsBBHzGO5FaANxFPpeaa5X3sxEeKZykWjyuNQ"} []
[2019-01-17 21:37:01] security.DEBUG: Read existing security token from the session. {"key":"_security_main"} []
[2019-01-17 21:37:01] security.DEBUG: User was reloaded from a user provider. {"username":"aalviac@uees.edu.ec","provider":"PrestaShopBundle\\Security\\Admin\\EmployeeProvider"} []
[2019-01-17 21:37:01] app.ERROR: Excepción emitida por el módulo ps_mainmenu en upgrade. Error sent by Addons. You may need to be logged. [] []
[2019-01-17 21:37:02] security.DEBUG: Stored the security token in the session. {"key":"_security_main"} []
[2019-01-17 22:59:22] request.INFO: Matched route "admin_module_catalog". {"route_parameters":{"_controller":"PrestaShopBundle\\Controller\\Admin\\ModuleController::catalogAction","_legacy_controller":"AdminModules","_route":"admin_module_catalog"},"request_uri":"http://localhost/admin723ek0usy/index.php/module/catalog?_token=wmC9WBzaN13WE21MBBV05GLN1CIAHC7iT_dLE0f8F_8"} []
[2019-01-17 22:59:22] security.DEBUG: Read existing security token from the session. {"key":"_security_main"} []
[2019-01-17 22:59:22] security.DEBUG: User was reloaded from a user provider. {"username":"aalviac@uees.edu.ec","provider":"PrestaShopBundle\\Security\\Admin\\EmployeeProvider"} []
[2019-01-17 22:59:22] app.ERROR: Data from PrestaShop Addons is invalid, and cannot fallback on cache.  {"exception":"cURL error 6: Could not resolve host: api-addons.prestashop.com"} []
[2019-01-17 22:59:22] security.DEBUG: Stored the security token in the session. {"key":"_security_main"} []
[2019-01-17 22:59:23] request.INFO: Matched route "admin_module_catalog_refresh". {"route_parameters":{"category":null,"keyword":null,"_controller":"PrestaShopBundle\\Controller\\Admin\\ModuleController::refreshCatalogAction","_legacy_controller":"AdminModules","_route":"admin_module_catalog_refresh"},"request_uri":"http://localhost/admin723ek0usy/index.php/module/catalog/refresh?_token=wmC9WBzaN13WE21MBBV05GLN1CIAHC7iT_dLE0f8F_8"} []
[2019-01-17 22:59:23] security.DEBUG: Read existing security token from the session. {"key":"_security_main"} []
[2019-01-17 22:59:23] security.DEBUG: User was reloaded from a user provider. {"username":"aalviac@uees.edu.ec","provider":"PrestaShopBundle\\Security\\Admin\\EmployeeProvider"} []
[2019-01-17 22:59:23] app.ERROR: Data from PrestaShop Addons is invalid, and cannot fallback on cache.  {"exception":"cURL error 6: Could not resolve host: api-addons.prestashop.com"} []
[2019-01-17 22:59:23] security.DEBUG: Stored the security token in the session. {"key":"_security_main"} []
[2019-01-17 22:59:26] request.INFO: Matched route "admin_module_manage". {"route_parameters":{"category":null,"keyword":null,"_controller":"PrestaShopBundle\\Controller\\Admin\\ModuleController::manageAction","_legacy_controller":"AdminModules","_route":"admin_module_manage"},"request_uri":"http://localhost/admin723ek0usy/index.php/module/manage?_token=wmC9WBzaN13WE21MBBV05GLN1CIAHC7iT_dLE0f8F_8"} []
[2019-01-17 22:59:26] security.DEBUG: Read existing security token from the session. {"key":"_security_main"} []
[2019-01-17 22:59:26] security.DEBUG: User was reloaded from a user provider. {"username":"aalviac@uees.edu.ec","provider":"PrestaShopBundle\\Security\\Admin\\EmployeeProvider"} []
[2019-01-17 22:59:26] app.ERROR: Data from PrestaShop Addons is invalid, and cannot fallback on cache.  {"exception":"cURL error 6: Could not resolve host: api-addons.prestashop.com"} []
[2019-01-17 23:00:13] request.INFO: Matched route "admin_module_catalog". {"route_parameters":{"_controller":"PrestaShopBundle\\Controller\\Admin\\ModuleController::catalogAction","_legacy_controller":"AdminModules","_route":"admin_module_catalog"},"request_uri":"http://localhost/admin723ek0usy/index.php/module/catalog?_token=wmC9WBzaN13WE21MBBV05GLN1CIAHC7iT_dLE0f8F_8"} []
[2019-01-17 23:00:13] security.DEBUG: Read existing security token from the session. {"key":"_security_main"} []
[2019-01-17 23:00:13] security.DEBUG: User was reloaded from a user provider. {"username":"aalviac@uees.edu.ec","provider":"PrestaShopBundle\\Security\\Admin\\EmployeeProvider"} []
[2019-01-17 23:00:13] app.ERROR: Data from PrestaShop Addons is invalid, and cannot fallback on cache.  {"exception":"cURL error 6: Could not resolve host: api-addons.prestashop.com"} []
[2019-01-17 23:00:13] security.DEBUG: Stored the security token in the session. {"key":"_security_main"} []
[2019-01-17 23:00:13] request.INFO: Matched route "admin_module_catalog_refresh". {"route_parameters":{"category":null,"keyword":null,"_controller":"PrestaShopBundle\\Controller\\Admin\\ModuleController::refreshCatalogAction","_legacy_controller":"AdminModules","_route":"admin_module_catalog_refresh"},"request_uri":"http://localhost/admin723ek0usy/index.php/module/catalog/refresh?_token=wmC9WBzaN13WE21MBBV05GLN1CIAHC7iT_dLE0f8F_8"} []
[2019-01-17 23:00:13] security.DEBUG: Read existing security token from the session. {"key":"_security_main"} []
[2019-01-17 23:00:13] security.DEBUG: User was reloaded from a user provider. {"username":"aalviac@uees.edu.ec","provider":"PrestaShopBundle\\Security\\Admin\\EmployeeProvider"} []
[2019-01-17 23:00:13] app.ERROR: Data from PrestaShop Addons is invalid, and cannot fallback on cache.  {"exception":"cURL error 6: Could not resolve host: api-addons.prestashop.com"} []
[2019-01-17 23:00:13] security.DEBUG: Stored the security token in the session. {"key":"_security_main"} []
[2019-01-17 23:00:14] request.INFO: Matched route "admin_module_manage". {"route_parameters":{"category":null,"keyword":null,"_controller":"PrestaShopBundle\\Controller\\Admin\\ModuleController::manageAction","_legacy_controller":"AdminModules","_route":"admin_module_manage"},"request_uri":"http://localhost/admin723ek0usy/index.php/module/manage?_token=wmC9WBzaN13WE21MBBV05GLN1CIAHC7iT_dLE0f8F_8"} []
[2019-01-17 23:00:14] security.DEBUG: Read existing security token from the session. {"key":"_security_main"} []
[2019-01-17 23:00:14] security.DEBUG: User was reloaded from a user provider. {"username":"aalviac@uees.edu.ec","provider":"PrestaShopBundle\\Security\\Admin\\EmployeeProvider"} []
[2019-01-17 23:00:14] app.ERROR: Data from PrestaShop Addons is invalid, and cannot fallback on cache.  {"exception":"cURL error 6: Could not resolve host: api-addons.prestashop.com"} []
[2019-01-17 23:00:16] request.INFO: Matched route "admin_module_catalog". {"route_parameters":{"_controller":"PrestaShopBundle\\Controller\\Admin\\ModuleController::catalogAction","_legacy_controller":"AdminModules","_route":"admin_module_catalog"},"request_uri":"http://localhost/admin723ek0usy/index.php/module/catalog?_token=wmC9WBzaN13WE21MBBV05GLN1CIAHC7iT_dLE0f8F_8"} []
[2019-01-17 23:00:16] security.DEBUG: Read existing security token from the session. {"key":"_security_main"} []
[2019-01-17 23:00:16] security.DEBUG: User was reloaded from a user provider. {"username":"aalviac@uees.edu.ec","provider":"PrestaShopBundle\\Security\\Admin\\EmployeeProvider"} []
[2019-01-17 23:00:16] app.ERROR: Data from PrestaShop Addons is invalid, and cannot fallback on cache.  {"exception":"cURL error 6: Could not resolve host: api-addons.prestashop.com"} []
[2019-01-17 23:00:16] security.DEBUG: Stored the security token in the session. {"key":"_security_main"} []
[2019-01-17 23:00:17] request.INFO: Matched route "admin_module_catalog_refresh". {"route_parameters":{"category":null,"keyword":null,"_controller":"PrestaShopBundle\\Controller\\Admin\\ModuleController::refreshCatalogAction","_legacy_controller":"AdminModules","_route":"admin_module_catalog_refresh"},"request_uri":"http://localhost/admin723ek0usy/index.php/module/catalog/refresh?_token=wmC9WBzaN13WE21MBBV05GLN1CIAHC7iT_dLE0f8F_8"} []
[2019-01-17 23:00:17] security.DEBUG: Read existing security token from the session. {"key":"_security_main"} []
[2019-01-17 23:00:17] security.DEBUG: User was reloaded from a user provider. {"username":"aalviac@uees.edu.ec","provider":"PrestaShopBundle\\Security\\Admin\\EmployeeProvider"} []
[2019-01-17 23:00:17] app.ERROR: Data from PrestaShop Addons is invalid, and cannot fallback on cache.  {"exception":"cURL error 6: Could not resolve host: api-addons.prestashop.com"} []
[2019-01-17 23:00:17] security.DEBUG: Stored the security token in the session. {"key":"_security_main"} []
[2019-01-22 22:13:01] request.INFO: Matched route "admin_module_manage_action". {"route_parameters":{"_controller":"PrestaShopBundle\\Controller\\Admin\\ModuleController::moduleAction","action":"upgrade","module_name":"ps_imageslider","_route":"admin_module_manage_action"},"request_uri":"http://localhost/admin723ek0usy/index.php/module/manage/action/upgrade/ps_imageslider?_token=Xdt6HDeXj4xL9EoCbM66Vq7YMX7lDTJQCcsAIkZrZ7c"} []
[2019-01-22 22:13:01] security.DEBUG: Read existing security token from the session. {"key":"_security_main"} []
[2019-01-22 22:13:01] security.DEBUG: User was reloaded from a user provider. {"username":"aalviac@uees.edu.ec","provider":"PrestaShopBundle\\Security\\Admin\\EmployeeProvider"} []
[2019-01-22 22:13:02] app.ERROR: Excepción emitida por el módulo ps_imageslider en upgrade. Error sent by Addons. You may need to be logged. [] []
[2019-01-22 22:13:02] security.DEBUG: Stored the security token in the session. {"key":"_security_main"} []
[2019-01-22 22:13:08] request.INFO: Matched route "admin_module_manage_action". {"route_parameters":{"_controller":"PrestaShopBundle\\Controller\\Admin\\ModuleController::moduleAction","action":"upgrade","module_name":"ps_imageslider","_route":"admin_module_manage_action"},"request_uri":"http://localhost/admin723ek0usy/index.php/module/manage/action/upgrade/ps_imageslider?_token=Xdt6HDeXj4xL9EoCbM66Vq7YMX7lDTJQCcsAIkZrZ7c"} []
[2019-01-22 22:13:08] security.DEBUG: Read existing security token from the session. {"key":"_security_main"} []
[2019-01-22 22:13:08] security.DEBUG: User was reloaded from a user provider. {"username":"aalviac@uees.edu.ec","provider":"PrestaShopBundle\\Security\\Admin\\EmployeeProvider"} []
[2019-01-22 22:13:09] app.ERROR: Excepción emitida por el módulo ps_imageslider en upgrade. Error sent by Addons. You may need to be logged. [] []
[2019-01-22 22:13:09] security.DEBUG: Stored the security token in the session. {"key":"_security_main"} []
[2019-01-22 22:13:22] request.INFO: Matched route "admin_module_manage_action". {"route_parameters":{"_controller":"PrestaShopBundle\\Controller\\Admin\\ModuleController::moduleAction","action":"upgrade","module_name":"ps_imageslider","_route":"admin_module_manage_action"},"request_uri":"http://localhost/admin723ek0usy/index.php/module/manage/action/upgrade/ps_imageslider?_token=Xdt6HDeXj4xL9EoCbM66Vq7YMX7lDTJQCcsAIkZrZ7c"} []
[2019-01-22 22:13:22] security.DEBUG: Read existing security token from the session. {"key":"_security_main"} []
[2019-01-22 22:13:22] security.DEBUG: User was reloaded from a user provider. {"username":"aalviac@uees.edu.ec","provider":"PrestaShopBundle\\Security\\Admin\\EmployeeProvider"} []
[2019-01-22 22:13:24] app.ERROR: Excepción emitida por el módulo ps_imageslider en upgrade. Error sent by Addons. You may need to be logged. [] []
[2019-01-22 22:13:24] security.DEBUG: Stored the security token in the session. {"key":"_security_main"} []
[2019-01-22 22:13:39] request.INFO: Matched route "admin_module_manage_action". {"route_parameters":{"_controller":"PrestaShopBundle\\Controller\\Admin\\ModuleController::moduleAction","action":"upgrade","module_name":"ps_imageslider","_route":"admin_module_manage_action"},"request_uri":"http://localhost/admin723ek0usy/index.php/module/manage/action/upgrade/ps_imageslider?_token=Xdt6HDeXj4xL9EoCbM66Vq7YMX7lDTJQCcsAIkZrZ7c"} []
[2019-01-22 22:13:39] security.DEBUG: Read existing security token from the session. {"key":"_security_main"} []
[2019-01-22 22:13:39] security.DEBUG: User was reloaded from a user provider. {"username":"aalviac@uees.edu.ec","provider":"PrestaShopBundle\\Security\\Admin\\EmployeeProvider"} []
[2019-01-22 22:13:41] app.ERROR: Excepción emitida por el módulo ps_imageslider en upgrade. Error sent by Addons. You may need to be logged. [] []
[2019-01-22 22:13:41] security.DEBUG: Stored the security token in the session. {"key":"_security_main"} []
[2019-01-22 22:14:25] request.INFO: Matched route "admin_module_manage_action". {"route_parameters":{"_controller":"PrestaShopBundle\\Controller\\Admin\\ModuleController::moduleAction","action":"upgrade","module_name":"ps_imageslider","_route":"admin_module_manage_action"},"request_uri":"http://localhost/admin723ek0usy/index.php/module/manage/action/upgrade/ps_imageslider?_token=Xdt6HDeXj4xL9EoCbM66Vq7YMX7lDTJQCcsAIkZrZ7c"} []
[2019-01-22 22:14:25] security.DEBUG: Read existing security token from the session. {"key":"_security_main"} []
[2019-01-22 22:14:25] security.DEBUG: User was reloaded from a user provider. {"username":"aalviac@uees.edu.ec","provider":"PrestaShopBundle\\Security\\Admin\\EmployeeProvider"} []
[2019-01-22 22:14:26] app.ERROR: Excepción emitida por el módulo ps_imageslider en upgrade. Error sent by Addons. You may need to be logged. [] []
[2019-01-22 22:14:26] security.DEBUG: Stored the security token in the session. {"key":"_security_main"} []
[2019-01-22 22:14:45] request.INFO: Matched route "admin_module_manage_action". {"route_parameters":{"_controller":"PrestaShopBundle\\Controller\\Admin\\ModuleController::moduleAction","action":"upgrade","module_name":"ps_imageslider","_route":"admin_module_manage_action"},"request_uri":"http://localhost/admin723ek0usy/index.php/module/manage/action/upgrade/ps_imageslider?_token=Xdt6HDeXj4xL9EoCbM66Vq7YMX7lDTJQCcsAIkZrZ7c"} []
[2019-01-22 22:14:45] security.DEBUG: Read existing security token from the session. {"key":"_security_main"} []
[2019-01-22 22:14:45] security.DEBUG: User was reloaded from a user provider. {"username":"aalviac@uees.edu.ec","provider":"PrestaShopBundle\\Security\\Admin\\EmployeeProvider"} []
[2019-01-22 22:14:46] app.ERROR: Excepción emitida por el módulo ps_imageslider en upgrade. Error sent by Addons. You may need to be logged. [] []
[2019-01-22 22:14:46] security.DEBUG: Stored the security token in the session. {"key":"_security_main"} []
[2019-01-22 22:15:16] request.INFO: Matched route "admin_module_manage_action". {"route_parameters":{"_controller":"PrestaShopBundle\\Controller\\Admin\\ModuleController::moduleAction","action":"upgrade","module_name":"ps_imageslider","_route":"admin_module_manage_action"},"request_uri":"http://localhost/admin723ek0usy/index.php/module/manage/action/upgrade/ps_imageslider?_token=Xdt6HDeXj4xL9EoCbM66Vq7YMX7lDTJQCcsAIkZrZ7c"} []
[2019-01-22 22:15:16] security.DEBUG: Read existing security token from the session. {"key":"_security_main"} []
[2019-01-22 22:15:16] security.DEBUG: User was reloaded from a user provider. {"username":"aalviac@uees.edu.ec","provider":"PrestaShopBundle\\Security\\Admin\\EmployeeProvider"} []
[2019-01-22 22:15:18] app.ERROR: Excepción emitida por el módulo ps_imageslider en upgrade. Error sent by Addons. You may need to be logged. [] []
[2019-01-22 22:15:18] security.DEBUG: Stored the security token in the session. {"key":"_security_main"} []
[2019-01-22 22:48:31] request.INFO: Matched route "admin_module_manage_action". {"route_parameters":{"_controller":"PrestaShopBundle\\Controller\\Admin\\ModuleController::moduleAction","action":"upgrade","module_name":"ps_imageslider","_route":"admin_module_manage_action"},"request_uri":"http://localhost/admin723ek0usy/index.php/module/manage/action/upgrade/ps_imageslider?_token=Xdt6HDeXj4xL9EoCbM66Vq7YMX7lDTJQCcsAIkZrZ7c"} []
[2019-01-22 22:48:31] security.DEBUG: Read existing security token from the session. {"key":"_security_main"} []
[2019-01-22 22:48:31] security.DEBUG: User was reloaded from a user provider. {"username":"aalviac@uees.edu.ec","provider":"PrestaShopBundle\\Security\\Admin\\EmployeeProvider"} []
[2019-01-22 22:48:33] app.ERROR: Excepción emitida por el módulo ps_imageslider en upgrade. Error sent by Addons. You may need to be logged. [] []
[2019-01-22 22:48:33] security.DEBUG: Stored the security token in the session. {"key":"_security_main"} []
[2019-01-24 19:25:31] request.INFO: Matched route "admin_module_manage_action". {"route_parameters":{"_controller":"PrestaShopBundle\\Controller\\Admin\\ModuleController::moduleAction","action":"upgrade","module_name":"ps_imageslider","_route":"admin_module_manage_action"},"request_uri":"http://localhost/admin723ek0usy/index.php/module/manage/action/upgrade/ps_imageslider?_token=1EJiI3pbsykPSqUJ-3b-L3zSG1694TqOG-EdmrVpAgQ"} []
[2019-01-24 19:25:31] security.DEBUG: Read existing security token from the session. {"key":"_security_main"} []
[2019-01-24 19:25:31] security.DEBUG: User was reloaded from a user provider. {"username":"aalviac@uees.edu.ec","provider":"PrestaShopBundle\\Security\\Admin\\EmployeeProvider"} []
[2019-01-24 19:25:32] app.ERROR: Excepción emitida por el módulo ps_imageslider en upgrade. Error sent by Addons. You may need to be logged. [] []
[2019-01-24 19:25:32] security.DEBUG: Stored the security token in the session. {"key":"_security_main"} []
[2019-01-28 16:37:15] request.INFO: Matched route "admin_module_catalog". {"route_parameters":{"_controller":"PrestaShopBundle\\Controller\\Admin\\ModuleController::catalogAction","_legacy_controller":"AdminModules","_route":"admin_module_catalog"},"request_uri":"http://localhost/admin723ek0usy/index.php/module/catalog?_token=UH46DYGnioqNUO7b0HMLRhlBUmBEnNZ28lhn46qDJyU"} []
[2019-01-28 16:37:15] security.DEBUG: Read existing security token from the session. {"key":"_security_main"} []
[2019-01-28 16:37:15] security.DEBUG: User was reloaded from a user provider. {"username":"aalviac@uees.edu.ec","provider":"PrestaShopBundle\\Security\\Admin\\EmployeeProvider"} []
[2019-01-28 16:37:15] app.ERROR: Data from PrestaShop Addons is invalid, and cannot fallback on cache.  {"exception":"cURL error 6: Could not resolve host: api-addons.prestashop.com"} []
[2019-01-28 16:37:16] security.DEBUG: Stored the security token in the session. {"key":"_security_main"} []
[2019-01-28 16:37:15] request.INFO: Matched route "admin_module_catalog". {"route_parameters":{"_controller":"PrestaShopBundle\\Controller\\Admin\\ModuleController::catalogAction","_legacy_controller":"AdminModules","_route":"admin_module_catalog"},"request_uri":"http://localhost/admin723ek0usy/index.php/module/catalog?_token=UH46DYGnioqNUO7b0HMLRhlBUmBEnNZ28lhn46qDJyU"} []
[2019-01-28 16:37:16] security.DEBUG: Read existing security token from the session. {"key":"_security_main"} []
[2019-01-28 16:37:16] security.DEBUG: User was reloaded from a user provider. {"username":"aalviac@uees.edu.ec","provider":"PrestaShopBundle\\Security\\Admin\\EmployeeProvider"} []
[2019-01-28 16:37:16] app.ERROR: Data from PrestaShop Addons is invalid, and cannot fallback on cache.  {"exception":"cURL error 6: Could not resolve host: api-addons.prestashop.com"} []
[2019-01-28 16:37:16] security.DEBUG: Stored the security token in the session. {"key":"_security_main"} []
[2019-01-28 16:37:17] request.INFO: Matched route "admin_module_catalog_refresh". {"route_parameters":{"category":null,"keyword":null,"_controller":"PrestaShopBundle\\Controller\\Admin\\ModuleController::refreshCatalogAction","_legacy_controller":"AdminModules","_route":"admin_module_catalog_refresh"},"request_uri":"http://localhost/admin723ek0usy/index.php/module/catalog/refresh?_token=UH46DYGnioqNUO7b0HMLRhlBUmBEnNZ28lhn46qDJyU"} []
[2019-01-28 16:37:17] security.DEBUG: Read existing security token from the session. {"key":"_security_main"} []
[2019-01-28 16:37:17] security.DEBUG: User was reloaded from a user provider. {"username":"aalviac@uees.edu.ec","provider":"PrestaShopBundle\\Security\\Admin\\EmployeeProvider"} []
[2019-01-28 16:37:17] app.ERROR: Data from PrestaShop Addons is invalid, and cannot fallback on cache.  {"exception":"cURL error 6: Could not resolve host: api-addons.prestashop.com"} []
[2019-01-28 16:37:17] security.DEBUG: Stored the security token in the session. {"key":"_security_main"} []
[2019-01-28 16:37:22] request.INFO: Matched route "admin_module_catalog". {"route_parameters":{"_controller":"PrestaShopBundle\\Controller\\Admin\\ModuleController::catalogAction","_legacy_controller":"AdminModules","_route":"admin_module_catalog"},"request_uri":"http://localhost/admin723ek0usy/index.php/module/catalog?_token=UH46DYGnioqNUO7b0HMLRhlBUmBEnNZ28lhn46qDJyU"} []
[2019-01-28 16:37:22] security.DEBUG: Read existing security token from the session. {"key":"_security_main"} []
[2019-01-28 16:37:22] security.DEBUG: User was reloaded from a user provider. {"username":"aalviac@uees.edu.ec","provider":"PrestaShopBundle\\Security\\Admin\\EmployeeProvider"} []
[2019-01-28 16:37:22] app.ERROR: Data from PrestaShop Addons is invalid, and cannot fallback on cache.  {"exception":"cURL error 6: Could not resolve host: api-addons.prestashop.com"} []
[2019-01-28 16:37:22] security.DEBUG: Stored the security token in the session. {"key":"_security_main"} []
[2019-01-28 16:37:22] request.INFO: Matched route "admin_module_catalog_refresh". {"route_parameters":{"category":null,"keyword":null,"_controller":"PrestaShopBundle\\Controller\\Admin\\ModuleController::refreshCatalogAction","_legacy_controller":"AdminModules","_route":"admin_module_catalog_refresh"},"request_uri":"http://localhost/admin723ek0usy/index.php/module/catalog/refresh?_token=UH46DYGnioqNUO7b0HMLRhlBUmBEnNZ28lhn46qDJyU"} []
[2019-01-28 16:37:22] security.DEBUG: Read existing security token from the session. {"key":"_security_main"} []
[2019-01-28 16:37:22] security.DEBUG: User was reloaded from a user provider. {"username":"aalviac@uees.edu.ec","provider":"PrestaShopBundle\\Security\\Admin\\EmployeeProvider"} []
[2019-01-28 16:37:22] app.ERROR: Data from PrestaShop Addons is invalid, and cannot fallback on cache.  {"exception":"cURL error 6: Could not resolve host: api-addons.prestashop.com"} []
[2019-01-28 16:37:22] security.DEBUG: Stored the security token in the session. {"key":"_security_main"} []
[2019-01-28 16:56:51] request.INFO: Matched route "admin_module_catalog". {"route_parameters":{"_controller":"PrestaShopBundle\\Controller\\Admin\\ModuleController::catalogAction","_legacy_controller":"AdminModules","_route":"admin_module_catalog"},"request_uri":"http://localhost/admin723ek0usy/index.php/module/catalog?_token=UH46DYGnioqNUO7b0HMLRhlBUmBEnNZ28lhn46qDJyU"} []
[2019-01-28 16:56:51] security.DEBUG: Read existing security token from the session. {"key":"_security_main"} []
[2019-01-28 16:56:51] security.DEBUG: User was reloaded from a user provider. {"username":"aalviac@uees.edu.ec","provider":"PrestaShopBundle\\Security\\Admin\\EmployeeProvider"} []
[2019-01-28 16:56:51] app.ERROR: Data from PrestaShop Addons is invalid, and cannot fallback on cache.  {"exception":"cURL error 6: Could not resolve host: api-addons.prestashop.com"} []
[2019-01-28 16:56:52] security.DEBUG: Stored the security token in the session. {"key":"_security_main"} []
[2019-01-28 16:56:52] request.INFO: Matched route "admin_module_catalog_refresh". {"route_parameters":{"category":null,"keyword":null,"_controller":"PrestaShopBundle\\Controller\\Admin\\ModuleController::refreshCatalogAction","_legacy_controller":"AdminModules","_route":"admin_module_catalog_refresh"},"request_uri":"http://localhost/admin723ek0usy/index.php/module/catalog/refresh?_token=UH46DYGnioqNUO7b0HMLRhlBUmBEnNZ28lhn46qDJyU"} []
[2019-01-28 16:56:52] security.DEBUG: Read existing security token from the session. {"key":"_security_main"} []
[2019-01-28 16:56:52] security.DEBUG: User was reloaded from a user provider. {"username":"aalviac@uees.edu.ec","provider":"PrestaShopBundle\\Security\\Admin\\EmployeeProvider"} []
[2019-01-28 16:56:52] app.ERROR: Data from PrestaShop Addons is invalid, and cannot fallback on cache.  {"exception":"cURL error 6: Could not resolve host: api-addons.prestashop.com"} []
[2019-01-28 16:56:52] security.DEBUG: Stored the security token in the session. {"key":"_security_main"} []
[2019-01-28 16:59:33] request.INFO: Matched route "admin_module_catalog". {"route_parameters":{"_controller":"PrestaShopBundle\\Controller\\Admin\\ModuleController::catalogAction","_legacy_controller":"AdminModules","_route":"admin_module_catalog"},"request_uri":"http://localhost/admin723ek0usy/index.php/module/catalog?_token=UH46DYGnioqNUO7b0HMLRhlBUmBEnNZ28lhn46qDJyU"} []
[2019-01-28 16:59:33] security.DEBUG: Read existing security token from the session. {"key":"_security_main"} []
[2019-01-28 16:59:33] security.DEBUG: User was reloaded from a user provider. {"username":"aalviac@uees.edu.ec","provider":"PrestaShopBundle\\Security\\Admin\\EmployeeProvider"} []
[2019-01-28 16:59:33] app.ERROR: Data from PrestaShop Addons is invalid, and cannot fallback on cache.  {"exception":"cURL error 6: Could not resolve host: api-addons.prestashop.com"} []
[2019-01-28 16:59:33] security.DEBUG: Stored the security token in the session. {"key":"_security_main"} []
[2019-01-28 16:59:33] request.INFO: Matched route "admin_module_catalog_refresh". {"route_parameters":{"category":null,"keyword":null,"_controller":"PrestaShopBundle\\Controller\\Admin\\ModuleController::refreshCatalogAction","_legacy_controller":"AdminModules","_route":"admin_module_catalog_refresh"},"request_uri":"http://localhost/admin723ek0usy/index.php/module/catalog/refresh?_token=UH46DYGnioqNUO7b0HMLRhlBUmBEnNZ28lhn46qDJyU"} []
[2019-01-28 16:59:33] security.DEBUG: Read existing security token from the session. {"key":"_security_main"} []
[2019-01-28 16:59:33] security.DEBUG: User was reloaded from a user provider. {"username":"aalviac@uees.edu.ec","provider":"PrestaShopBundle\\Security\\Admin\\EmployeeProvider"} []
[2019-01-28 16:59:33] app.ERROR: Data from PrestaShop Addons is invalid, and cannot fallback on cache.  {"exception":"cURL error 6: Could not resolve host: api-addons.prestashop.com"} []
[2019-01-28 16:59:33] security.DEBUG: Stored the security token in the session. {"key":"_security_main"} []
[2019-01-28 17:09:31] request.INFO: Matched route "admin_module_catalog". {"route_parameters":{"_controller":"PrestaShopBundle\\Controller\\Admin\\ModuleController::catalogAction","_legacy_controller":"AdminModules","_route":"admin_module_catalog"},"request_uri":"http://localhost/admin723ek0usy/index.php/module/catalog?_token=UH46DYGnioqNUO7b0HMLRhlBUmBEnNZ28lhn46qDJyU"} []
[2019-01-28 17:09:31] security.DEBUG: Read existing security token from the session. {"key":"_security_main"} []
[2019-01-28 17:09:31] security.DEBUG: User was reloaded from a user provider. {"username":"aalviac@uees.edu.ec","provider":"PrestaShopBundle\\Security\\Admin\\EmployeeProvider"} []
[2019-01-28 17:09:31] app.ERROR: Data from PrestaShop Addons is invalid, and cannot fallback on cache.  {"exception":"cURL error 6: Could not resolve host: api-addons.prestashop.com"} []
[2019-01-28 17:09:31] security.DEBUG: Stored the security token in the session. {"key":"_security_main"} []
[2019-01-28 17:09:31] request.INFO: Matched route "admin_module_catalog_refresh". {"route_parameters":{"category":null,"keyword":null,"_controller":"PrestaShopBundle\\Controller\\Admin\\ModuleController::refreshCatalogAction","_legacy_controller":"AdminModules","_route":"admin_module_catalog_refresh"},"request_uri":"http://localhost/admin723ek0usy/index.php/module/catalog/refresh?_token=UH46DYGnioqNUO7b0HMLRhlBUmBEnNZ28lhn46qDJyU"} []
[2019-01-28 17:09:31] security.DEBUG: Read existing security token from the session. {"key":"_security_main"} []
[2019-01-28 17:09:31] security.DEBUG: User was reloaded from a user provider. {"username":"aalviac@uees.edu.ec","provider":"PrestaShopBundle\\Security\\Admin\\EmployeeProvider"} []
[2019-01-28 17:09:31] app.ERROR: Data from PrestaShop Addons is invalid, and cannot fallback on cache.  {"exception":"cURL error 6: Could not resolve host: api-addons.prestashop.com"} []
[2019-01-28 17:09:31] security.DEBUG: Stored the security token in the session. {"key":"_security_main"} []
[2019-01-28 17:13:21] request.INFO: Matched route "admin_module_catalog". {"route_parameters":{"_controller":"PrestaShopBundle\\Controller\\Admin\\ModuleController::catalogAction","_legacy_controller":"AdminModules","_route":"admin_module_catalog"},"request_uri":"http://localhost/admin723ek0usy/index.php/module/catalog?_token=UH46DYGnioqNUO7b0HMLRhlBUmBEnNZ28lhn46qDJyU"} []
[2019-01-28 17:13:21] security.DEBUG: Read existing security token from the session. {"key":"_security_main"} []
[2019-01-28 17:13:21] security.DEBUG: User was reloaded from a user provider. {"username":"aalviac@uees.edu.ec","provider":"PrestaShopBundle\\Security\\Admin\\EmployeeProvider"} []
[2019-01-28 17:13:21] app.ERROR: Data from PrestaShop Addons is invalid, and cannot fallback on cache.  {"exception":"cURL error 6: Could not resolve host: api-addons.prestashop.com"} []
[2019-01-28 17:13:21] security.DEBUG: Stored the security token in the session. {"key":"_security_main"} []
[2019-01-28 17:13:21] request.INFO: Matched route "admin_module_catalog_refresh". {"route_parameters":{"category":null,"keyword":null,"_controller":"PrestaShopBundle\\Controller\\Admin\\ModuleController::refreshCatalogAction","_legacy_controller":"AdminModules","_route":"admin_module_catalog_refresh"},"request_uri":"http://localhost/admin723ek0usy/index.php/module/catalog/refresh?_token=UH46DYGnioqNUO7b0HMLRhlBUmBEnNZ28lhn46qDJyU"} []
[2019-01-28 17:13:21] security.DEBUG: Read existing security token from the session. {"key":"_security_main"} []
[2019-01-28 17:13:21] security.DEBUG: User was reloaded from a user provider. {"username":"aalviac@uees.edu.ec","provider":"PrestaShopBundle\\Security\\Admin\\EmployeeProvider"} []
[2019-01-28 17:13:21] app.ERROR: Data from PrestaShop Addons is invalid, and cannot fallback on cache.  {"exception":"cURL error 6: Could not resolve host: api-addons.prestashop.com"} []
[2019-01-28 17:13:21] security.DEBUG: Stored the security token in the session. {"key":"_security_main"} []
[2019-01-28 17:22:24] request.INFO: Matched route "admin_module_catalog". {"route_parameters":{"_controller":"PrestaShopBundle\\Controller\\Admin\\ModuleController::catalogAction","_legacy_controller":"AdminModules","_route":"admin_module_catalog"},"request_uri":"http://localhost/admin723ek0usy/index.php/module/catalog?_token=UH46DYGnioqNUO7b0HMLRhlBUmBEnNZ28lhn46qDJyU"} []
[2019-01-28 17:22:24] security.DEBUG: Read existing security token from the session. {"key":"_security_main"} []
[2019-01-28 17:22:24] security.DEBUG: User was reloaded from a user provider. {"username":"aalviac@uees.edu.ec","provider":"PrestaShopBundle\\Security\\Admin\\EmployeeProvider"} []
[2019-01-28 17:22:24] app.ERROR: Data from PrestaShop Addons is invalid, and cannot fallback on cache.  {"exception":"cURL error 6: Could not resolve host: api-addons.prestashop.com"} []
[2019-01-28 17:22:25] security.DEBUG: Stored the security token in the session. {"key":"_security_main"} []
[2019-01-28 17:22:25] request.INFO: Matched route "admin_module_catalog_refresh". {"route_parameters":{"category":null,"keyword":null,"_controller":"PrestaShopBundle\\Controller\\Admin\\ModuleController::refreshCatalogAction","_legacy_controller":"AdminModules","_route":"admin_module_catalog_refresh"},"request_uri":"http://localhost/admin723ek0usy/index.php/module/catalog/refresh?_token=UH46DYGnioqNUO7b0HMLRhlBUmBEnNZ28lhn46qDJyU"} []
[2019-01-28 17:22:25] security.DEBUG: Read existing security token from the session. {"key":"_security_main"} []
[2019-01-28 17:22:25] security.DEBUG: User was reloaded from a user provider. {"username":"aalviac@uees.edu.ec","provider":"PrestaShopBundle\\Security\\Admin\\EmployeeProvider"} []
[2019-01-28 17:22:25] app.ERROR: Data from PrestaShop Addons is invalid, and cannot fallback on cache.  {"exception":"cURL error 6: Could not resolve host: api-addons.prestashop.com"} []
[2019-01-28 17:22:25] security.DEBUG: Stored the security token in the session. {"key":"_security_main"} []
[2019-01-28 17:30:40] request.INFO: Matched route "admin_module_catalog". {"route_parameters":{"_controller":"PrestaShopBundle\\Controller\\Admin\\ModuleController::catalogAction","_legacy_controller":"AdminModules","_route":"admin_module_catalog"},"request_uri":"http://localhost/admin723ek0usy/index.php/module/catalog?_token=UH46DYGnioqNUO7b0HMLRhlBUmBEnNZ28lhn46qDJyU"} []
[2019-01-28 17:30:40] security.DEBUG: Read existing security token from the session. {"key":"_security_main"} []
[2019-01-28 17:30:40] security.DEBUG: User was reloaded from a user provider. {"username":"aalviac@uees.edu.ec","provider":"PrestaShopBundle\\Security\\Admin\\EmployeeProvider"} []
[2019-01-28 17:30:41] app.ERROR: Data from PrestaShop Addons is invalid, and cannot fallback on cache.  {"exception":"cURL error 6: Could not resolve host: api-addons.prestashop.com"} []
[2019-01-28 17:30:41] security.DEBUG: Stored the security token in the session. {"key":"_security_main"} []
[2019-01-28 17:30:41] request.INFO: Matched route "admin_module_catalog_refresh". {"route_parameters":{"category":null,"keyword":null,"_controller":"PrestaShopBundle\\Controller\\Admin\\ModuleController::refreshCatalogAction","_legacy_controller":"AdminModules","_route":"admin_module_catalog_refresh"},"request_uri":"http://localhost/admin723ek0usy/index.php/module/catalog/refresh?_token=UH46DYGnioqNUO7b0HMLRhlBUmBEnNZ28lhn46qDJyU"} []
[2019-01-28 17:30:41] security.DEBUG: Read existing security token from the session. {"key":"_security_main"} []
[2019-01-28 17:30:41] security.DEBUG: User was reloaded from a user provider. {"username":"aalviac@uees.edu.ec","provider":"PrestaShopBundle\\Security\\Admin\\EmployeeProvider"} []
[2019-01-28 17:30:41] app.ERROR: Data from PrestaShop Addons is invalid, and cannot fallback on cache.  {"exception":"cURL error 6: Could not resolve host: api-addons.prestashop.com"} []
[2019-01-28 17:30:42] security.DEBUG: Stored the security token in the session. {"key":"_security_main"} []
[2019-01-28 17:30:51] request.INFO: Matched route "admin_module_catalog". {"route_parameters":{"_controller":"PrestaShopBundle\\Controller\\Admin\\ModuleController::catalogAction","_legacy_controller":"AdminModules","_route":"admin_module_catalog"},"request_uri":"http://localhost/admin723ek0usy/index.php/module/catalog?_token=UH46DYGnioqNUO7b0HMLRhlBUmBEnNZ28lhn46qDJyU"} []
[2019-01-28 17:30:51] security.DEBUG: Read existing security token from the session. {"key":"_security_main"} []
[2019-01-28 17:30:51] security.DEBUG: User was reloaded from a user provider. {"username":"aalviac@uees.edu.ec","provider":"PrestaShopBundle\\Security\\Admin\\EmployeeProvider"} []
[2019-01-28 17:30:51] app.ERROR: Data from PrestaShop Addons is invalid, and cannot fallback on cache.  {"exception":"cURL error 6: Could not resolve host: api-addons.prestashop.com"} []
[2019-01-28 17:30:51] security.DEBUG: Stored the security token in the session. {"key":"_security_main"} []
[2019-01-28 17:30:51] request.INFO: Matched route "admin_module_catalog_refresh". {"route_parameters":{"category":null,"keyword":null,"_controller":"PrestaShopBundle\\Controller\\Admin\\ModuleController::refreshCatalogAction","_legacy_controller":"AdminModules","_route":"admin_module_catalog_refresh"},"request_uri":"http://localhost/admin723ek0usy/index.php/module/catalog/refresh?_token=UH46DYGnioqNUO7b0HMLRhlBUmBEnNZ28lhn46qDJyU"} []
[2019-01-28 17:30:51] security.DEBUG: Read existing security token from the session. {"key":"_security_main"} []
[2019-01-28 17:30:51] security.DEBUG: User was reloaded from a user provider. {"username":"aalviac@uees.edu.ec","provider":"PrestaShopBundle\\Security\\Admin\\EmployeeProvider"} []
[2019-01-28 17:30:51] app.ERROR: Data from PrestaShop Addons is invalid, and cannot fallback on cache.  {"exception":"cURL error 6: Could not resolve host: api-addons.prestashop.com"} []
[2019-01-28 17:30:51] security.DEBUG: Stored the security token in the session. {"key":"_security_main"} []
[2019-01-28 17:30:53] request.INFO: Matched route "admin_module_catalog". {"route_parameters":{"_controller":"PrestaShopBundle\\Controller\\Admin\\ModuleController::catalogAction","_legacy_controller":"AdminModules","_route":"admin_module_catalog"},"request_uri":"http://localhost/admin723ek0usy/index.php/module/catalog?_token=UH46DYGnioqNUO7b0HMLRhlBUmBEnNZ28lhn46qDJyU"} []
[2019-01-28 17:30:53] security.DEBUG: Read existing security token from the session. {"key":"_security_main"} []
[2019-01-28 17:30:53] security.DEBUG: User was reloaded from a user provider. {"username":"aalviac@uees.edu.ec","provider":"PrestaShopBundle\\Security\\Admin\\EmployeeProvider"} []
[2019-01-28 17:30:53] app.ERROR: Data from PrestaShop Addons is invalid, and cannot fallback on cache.  {"exception":"cURL error 6: Could not resolve host: api-addons.prestashop.com"} []
[2019-01-28 17:30:53] security.DEBUG: Stored the security token in the session. {"key":"_security_main"} []
[2019-01-28 17:30:53] request.INFO: Matched route "admin_module_catalog_refresh". {"route_parameters":{"category":null,"keyword":null,"_controller":"PrestaShopBundle\\Controller\\Admin\\ModuleController::refreshCatalogAction","_legacy_controller":"AdminModules","_route":"admin_module_catalog_refresh"},"request_uri":"http://localhost/admin723ek0usy/index.php/module/catalog/refresh?_token=UH46DYGnioqNUO7b0HMLRhlBUmBEnNZ28lhn46qDJyU"} []
[2019-01-28 17:30:53] security.DEBUG: Read existing security token from the session. {"key":"_security_main"} []
[2019-01-28 17:30:53] security.DEBUG: User was reloaded from a user provider. {"username":"aalviac@uees.edu.ec","provider":"PrestaShopBundle\\Security\\Admin\\EmployeeProvider"} []
[2019-01-28 17:30:53] app.ERROR: Data from PrestaShop Addons is invalid, and cannot fallback on cache.  {"exception":"cURL error 6: Could not resolve host: api-addons.prestashop.com"} []
[2019-01-28 17:30:53] security.DEBUG: Stored the security token in the session. {"key":"_security_main"} []
[2019-01-29 17:55:40] request.INFO: Matched route "admin_module_catalog". {"route_parameters":{"_controller":"PrestaShopBundle\\Controller\\Admin\\ModuleController::catalogAction","_legacy_controller":"AdminModules","_route":"admin_module_catalog"},"request_uri":"http://localhost/admin723ek0usy/index.php/module/catalog?_token=-WZjmrVESi4FMP7Z2oVlgWn9EQWdUY8DldbMnUqIwCU"} []
[2019-01-29 17:55:40] security.DEBUG: Read existing security token from the session. {"key":"_security_main"} []
[2019-01-29 17:55:40] security.DEBUG: User was reloaded from a user provider. {"username":"aalviac@uees.edu.ec","provider":"PrestaShopBundle\\Security\\Admin\\EmployeeProvider"} []
[2019-01-29 17:55:40] app.ERROR: Data from PrestaShop Addons is invalid, and cannot fallback on cache.  {"exception":"cURL error 6: Could not resolve host: api-addons.prestashop.com"} []
[2019-01-29 17:55:40] security.DEBUG: Stored the security token in the session. {"key":"_security_main"} []
[2019-01-29 17:55:41] request.INFO: Matched route "admin_module_catalog_refresh". {"route_parameters":{"category":null,"keyword":null,"_controller":"PrestaShopBundle\\Controller\\Admin\\ModuleController::refreshCatalogAction","_legacy_controller":"AdminModules","_route":"admin_module_catalog_refresh"},"request_uri":"http://localhost/admin723ek0usy/index.php/module/catalog/refresh?_token=-WZjmrVESi4FMP7Z2oVlgWn9EQWdUY8DldbMnUqIwCU"} []
[2019-01-29 17:55:41] security.DEBUG: Read existing security token from the session. {"key":"_security_main"} []
[2019-01-29 17:55:41] security.DEBUG: User was reloaded from a user provider. {"username":"aalviac@uees.edu.ec","provider":"PrestaShopBundle\\Security\\Admin\\EmployeeProvider"} []
[2019-01-29 17:55:41] app.ERROR: Data from PrestaShop Addons is invalid, and cannot fallback on cache.  {"exception":"cURL error 6: Could not resolve host: api-addons.prestashop.com"} []
[2019-01-29 17:55:41] security.DEBUG: Stored the security token in the session. {"key":"_security_main"} []
[2019-02-19 21:49:31] request.INFO: Matched route "admin_product_new". {"route_parameters":{"_controller":"PrestaShopBundle\\Controller\\Admin\\ProductController::newAction","_route":"admin_product_new"},"request_uri":"http://localhost/admin723ek0usy/index.php/product/new?_token=N7V0axdHJdt_JJcjfd-8e4dri2C8hB2LgR-zxS12FXo"} []
[2019-02-19 21:49:31] security.DEBUG: Read existing security token from the session. {"key":"_security_main"} []
[2019-02-19 21:49:31] security.DEBUG: User was reloaded from a user provider. {"username":"aalviac@uees.edu.ec","provider":"PrestaShopBundle\\Security\\Admin\\EmployeeProvider"} []
[2019-02-19 21:49:31] request.CRITICAL: Uncaught PHP Exception Symfony\Component\Debug\Exception\FatalThrowableError: "Cannot access empty property" at /var/www/html/roadmakshop/classes/Product.php line 565 {"exception":"[object] (Symfony\\Component\\Debug\\Exception\\FatalThrowableError(code: 0): Cannot access empty property at /var/www/html/roadmakshop/classes/Product.php:565)"} []
[2019-02-19 21:49:31] security.DEBUG: Stored the security token in the session. {"key":"_security_main"} []
[2019-02-19 21:49:47] request.INFO: Matched route "admin_product_new". {"route_parameters":{"_controller":"PrestaShopBundle\\Controller\\Admin\\ProductController::newAction","_route":"admin_product_new"},"request_uri":"http://localhost/admin723ek0usy/index.php/product/new?_token=N7V0axdHJdt_JJcjfd-8e4dri2C8hB2LgR-zxS12FXo"} []
[2019-02-19 21:49:47] security.DEBUG: Read existing security token from the session. {"key":"_security_main"} []
[2019-02-19 21:49:47] security.DEBUG: User was reloaded from a user provider. {"username":"aalviac@uees.edu.ec","provider":"PrestaShopBundle\\Security\\Admin\\EmployeeProvider"} []
[2019-02-19 21:49:47] request.CRITICAL: Uncaught PHP Exception Symfony\Component\Debug\Exception\FatalThrowableError: "Cannot access empty property" at /var/www/html/roadmakshop/classes/Product.php line 565 {"exception":"[object] (Symfony\\Component\\Debug\\Exception\\FatalThrowableError(code: 0): Cannot access empty property at /var/www/html/roadmakshop/classes/Product.php:565)"} []
[2019-02-19 21:49:47] security.DEBUG: Stored the security token in the session. {"key":"_security_main"} []
[2019-02-19 22:08:30] request.INFO: Matched route "admin_product_new". {"route_parameters":{"_controller":"PrestaShopBundle\\Controller\\Admin\\ProductController::newAction","_route":"admin_product_new"},"request_uri":"http://localhost/admin723ek0usy/index.php/product/new?_token=N7V0axdHJdt_JJcjfd-8e4dri2C8hB2LgR-zxS12FXo"} []
[2019-02-19 22:08:30] security.DEBUG: Read existing security token from the session. {"key":"_security_main"} []
[2019-02-19 22:08:30] security.DEBUG: User was reloaded from a user provider. {"username":"aalviac@uees.edu.ec","provider":"PrestaShopBundle\\Security\\Admin\\EmployeeProvider"} []
[2019-02-19 22:08:30] request.CRITICAL: Uncaught PHP Exception Symfony\Component\Debug\Exception\FatalThrowableError: "Cannot use object of type Product as array" at /var/www/html/roadmakshop/classes/Product.php line 580 {"exception":"[object] (Symfony\\Component\\Debug\\Exception\\FatalThrowableError(code: 0): Cannot use object of type Product as array at /var/www/html/roadmakshop/classes/Product.php:580)"} []
[2019-02-19 22:08:30] security.DEBUG: Stored the security token in the session. {"key":"_security_main"} []
[2019-02-19 22:08:40] request.INFO: Matched route "admin_product_new". {"route_parameters":{"_controller":"PrestaShopBundle\\Controller\\Admin\\ProductController::newAction","_route":"admin_product_new"},"request_uri":"http://localhost/admin723ek0usy/index.php/product/new?_token=N7V0axdHJdt_JJcjfd-8e4dri2C8hB2LgR-zxS12FXo"} []
[2019-02-19 22:08:40] security.DEBUG: Read existing security token from the session. {"key":"_security_main"} []
[2019-02-19 22:08:40] security.DEBUG: User was reloaded from a user provider. {"username":"aalviac@uees.edu.ec","provider":"PrestaShopBundle\\Security\\Admin\\EmployeeProvider"} []
[2019-02-19 22:08:41] request.CRITICAL: Uncaught PHP Exception Symfony\Component\Debug\Exception\FatalThrowableError: "Cannot use object of type Product as array" at /var/www/html/roadmakshop/classes/Product.php line 580 {"exception":"[object] (Symfony\\Component\\Debug\\Exception\\FatalThrowableError(code: 0): Cannot use object of type Product as array at /var/www/html/roadmakshop/classes/Product.php:580)"} []
[2019-02-19 22:08:41] security.DEBUG: Stored the security token in the session. {"key":"_security_main"} []
[2019-02-19 22:13:56] request.INFO: Matched route "admin_product_new". {"route_parameters":{"_controller":"PrestaShopBundle\\Controller\\Admin\\ProductController::newAction","_route":"admin_product_new"},"request_uri":"http://localhost/admin723ek0usy/index.php/product/new?_token=N7V0axdHJdt_JJcjfd-8e4dri2C8hB2LgR-zxS12FXo"} []
[2019-02-19 22:13:56] security.DEBUG: Read existing security token from the session. {"key":"_security_main"} []
[2019-02-19 22:13:56] security.DEBUG: User was reloaded from a user provider. {"username":"aalviac@uees.edu.ec","provider":"PrestaShopBundle\\Security\\Admin\\EmployeeProvider"} []
[2019-02-19 22:13:56] request.CRITICAL: Uncaught PHP Exception Symfony\Component\Debug\Exception\FatalThrowableError: "Cannot use object of type Product as array" at /var/www/html/roadmakshop/classes/Product.php line 580 {"exception":"[object] (Symfony\\Component\\Debug\\Exception\\FatalThrowableError(code: 0): Cannot use object of type Product as array at /var/www/html/roadmakshop/classes/Product.php:580)"} []
[2019-02-19 22:13:56] security.DEBUG: Stored the security token in the session. {"key":"_security_main"} []
[2019-02-19 22:14:22] request.INFO: Matched route "admin_product_new". {"route_parameters":{"_controller":"PrestaShopBundle\\Controller\\Admin\\ProductController::newAction","_route":"admin_product_new"},"request_uri":"http://localhost/admin723ek0usy/index.php/product/new?_token=N7V0axdHJdt_JJcjfd-8e4dri2C8hB2LgR-zxS12FXo"} []
[2019-02-19 22:14:22] security.DEBUG: Read existing security token from the session. {"key":"_security_main"} []
[2019-02-19 22:14:22] security.DEBUG: User was reloaded from a user provider. {"username":"aalviac@uees.edu.ec","provider":"PrestaShopBundle\\Security\\Admin\\EmployeeProvider"} []
[2019-02-19 22:14:23] request.CRITICAL: Uncaught PHP Exception Symfony\Component\Debug\Exception\FatalThrowableError: "Cannot access empty property" at /var/www/html/roadmakshop/classes/Product.php line 580 {"exception":"[object] (Symfony\\Component\\Debug\\Exception\\FatalThrowableError(code: 0): Cannot access empty property at /var/www/html/roadmakshop/classes/Product.php:580)"} []
[2019-02-19 22:14:23] security.DEBUG: Stored the security token in the session. {"key":"_security_main"} []
[2019-02-20 16:23:39] request.INFO: Matched route "admin_product_catalog". {"route_parameters":{"_controller":"PrestaShopBundle\\Controller\\Admin\\ProductController::catalogAction","_legacy_controller":"AdminProducts","limit":"last","offset":0,"orderBy":"last","sortOrder":"desc","_route":"admin_product_catalog"},"request_uri":"http://localhost/admin723ek0usy/index.php/product/catalog?_token=BBJ-BxSfbCtDmU074uBo_vqA79AmZbmvPp3IrSRyMn0"} []
[2019-02-20 16:23:39] security.DEBUG: Read existing security token from the session. {"key":"_security_main"} []
[2019-02-20 16:23:39] security.DEBUG: User was reloaded from a user provider. {"username":"aalviac@uees.edu.ec","provider":"PrestaShopBundle\\Security\\Admin\\EmployeeProvider"} []
[2019-02-20 16:23:39] request.CRITICAL: Uncaught PHP Exception Symfony\Component\Debug\Exception\FatalThrowableError: "Parse error: syntax error, unexpected '=>' (T_DOUBLE_ARROW), expecting ',' or ')'" at /var/www/html/roadmakshop/classes/Product.php line 611 {"exception":"[object] (Symfony\\Component\\Debug\\Exception\\FatalThrowableError(code: 0): Parse error: syntax error, unexpected '=>' (T_DOUBLE_ARROW), expecting ',' or ')' at /var/www/html/roadmakshop/classes/Product.php:611)"} []
[2019-02-20 16:23:39] security.DEBUG: Stored the security token in the session. {"key":"_security_main"} []
[2019-02-20 16:23:41] request.INFO: Matched route "admin_product_catalog". {"route_parameters":{"_controller":"PrestaShopBundle\\Controller\\Admin\\ProductController::catalogAction","_legacy_controller":"AdminProducts","limit":"last","offset":0,"orderBy":"last","sortOrder":"desc","_route":"admin_product_catalog"},"request_uri":"http://localhost/admin723ek0usy/index.php/product/catalog?_token=BBJ-BxSfbCtDmU074uBo_vqA79AmZbmvPp3IrSRyMn0"} []
[2019-02-20 16:23:41] security.DEBUG: Read existing security token from the session. {"key":"_security_main"} []
[2019-02-20 16:23:41] security.DEBUG: User was reloaded from a user provider. {"username":"aalviac@uees.edu.ec","provider":"PrestaShopBundle\\Security\\Admin\\EmployeeProvider"} []
[2019-02-20 16:23:41] request.CRITICAL: Uncaught PHP Exception Symfony\Component\Debug\Exception\FatalThrowableError: "Parse error: syntax error, unexpected '=>' (T_DOUBLE_ARROW), expecting ',' or ')'" at /var/www/html/roadmakshop/classes/Product.php line 611 {"exception":"[object] (Symfony\\Component\\Debug\\Exception\\FatalThrowableError(code: 0): Parse error: syntax error, unexpected '=>' (T_DOUBLE_ARROW), expecting ',' or ')' at /var/www/html/roadmakshop/classes/Product.php:611)"} []
[2019-02-20 16:23:41] security.DEBUG: Stored the security token in the session. {"key":"_security_main"} []
[2019-02-20 16:23:46] request.INFO: Matched route "admin_product_catalog". {"route_parameters":{"_controller":"PrestaShopBundle\\Controller\\Admin\\ProductController::catalogAction","_legacy_controller":"AdminProducts","limit":"last","offset":0,"orderBy":"last","sortOrder":"desc","_route":"admin_product_catalog"},"request_uri":"http://localhost/admin723ek0usy/index.php/product/catalog?_token=BBJ-BxSfbCtDmU074uBo_vqA79AmZbmvPp3IrSRyMn0"} []
[2019-02-20 16:23:46] security.DEBUG: Read existing security token from the session. {"key":"_security_main"} []
[2019-02-20 16:23:46] security.DEBUG: User was reloaded from a user provider. {"username":"aalviac@uees.edu.ec","provider":"PrestaShopBundle\\Security\\Admin\\EmployeeProvider"} []
[2019-02-20 16:23:46] request.CRITICAL: Uncaught PHP Exception Symfony\Component\Debug\Exception\FatalThrowableError: "Parse error: syntax error, unexpected '=>' (T_DOUBLE_ARROW), expecting ',' or ')'" at /var/www/html/roadmakshop/classes/Product.php line 611 {"exception":"[object] (Symfony\\Component\\Debug\\Exception\\FatalThrowableError(code: 0): Parse error: syntax error, unexpected '=>' (T_DOUBLE_ARROW), expecting ',' or ')' at /var/www/html/roadmakshop/classes/Product.php:611)"} []
[2019-02-20 16:23:46] security.DEBUG: Stored the security token in the session. {"key":"_security_main"} []
[2019-02-20 16:36:15] request.INFO: Matched route "admin_product_catalog". {"route_parameters":{"_controller":"PrestaShopBundle\\Controller\\Admin\\ProductController::catalogAction","_legacy_controller":"AdminProducts","limit":"20","offset":"0","orderBy":"id_product","sortOrder":"desc","_route":"admin_product_catalog"},"request_uri":"http://localhost/admin723ek0usy/index.php/product/catalog/0/20/id_product/desc?_token=BBJ-BxSfbCtDmU074uBo_vqA79AmZbmvPp3IrSRyMn0"} []
[2019-02-20 16:36:15] security.DEBUG: Read existing security token from the session. {"key":"_security_main"} []
[2019-02-20 16:36:15] security.DEBUG: User was reloaded from a user provider. {"username":"aalviac@uees.edu.ec","provider":"PrestaShopBundle\\Security\\Admin\\EmployeeProvider"} []
[2019-02-20 16:36:16] request.CRITICAL: Uncaught PHP Exception Symfony\Component\Debug\Exception\FatalThrowableError: "Parse error: syntax error, unexpected '"&precio="' (T_CONSTANT_ENCAPSED_STRING), expecting ')'" at /var/www/html/roadmakshop/classes/Product.php line 577 {"exception":"[object] (Symfony\\Component\\Debug\\Exception\\FatalThrowableError(code: 0): Parse error: syntax error, unexpected '\"&precio=\"' (T_CONSTANT_ENCAPSED_STRING), expecting ')' at /var/www/html/roadmakshop/classes/Product.php:577)"} []
[2019-02-20 16:36:16] security.DEBUG: Stored the security token in the session. {"key":"_security_main"} []
